**********  Same  **********
ULTIPANEL: [#define ULTIPANEL // --HICTOP--: , #define ULTIPANEL // --HICTOP--: ]
EXTRUDE_MAXLENGTH: [#define EXTRUDE_MAXLENGTH (X_MAX_LENGTH+Y_MAX_LENGTH) // --HICTOP--: Changed From: (X_MAX_LENGTH+Y_MAX_LENGTH), #define EXTRUDE_MAXLENGTH (X_MAX_LENGTH+Y_MAX_LENGTH) // --HICTOP--: Changed From: (X_MAX_LENGTH+Y_MAX_LENGTH)]
DEFAULT_ACCELERATION: [#define DEFAULT_ACCELERATION 3000 // --HICTOP--: Changed From: 3000, #define DEFAULT_ACCELERATION 3000 // --HICTOP--: Changed From: 3000]
ENDSTOPPULLUP_YMAX: [#define ENDSTOPPULLUP_YMAX // --HICTOP--: , #define ENDSTOPPULLUP_YMAX // --HICTOP--: ]
PID_FUNCTIONAL_RANGE: [#define PID_FUNCTIONAL_RANGE 10 // --HICTOP--: Changed From: 10, #define PID_FUNCTIONAL_RANGE 10 // --HICTOP--: Changed From: 10]
SERIAL_PORT: [#define SERIAL_PORT 0 // --HICTOP--: Changed From: 0, #define SERIAL_PORT 0 // --HICTOP--: Changed From: 0]
ENDSTOPPULLUPS: [#define ENDSTOPPULLUPS // --HICTOP--: , #define ENDSTOPPULLUPS // --HICTOP--: ]
HEATER_2_MINTEMP: [#define HEATER_2_MINTEMP 5 // --HICTOP--: Changed From: 5, #define HEATER_2_MINTEMP 5 // --HICTOP--: Changed From: 5]
DISABLE_X: [#define DISABLE_X false // --HICTOP--: Changed From: false, #define DISABLE_X false // --HICTOP--: Changed From: false]
K1: [#define K1 0.95 // --HICTOP--: Changed From: 0.95, #define K1 0.95 // --HICTOP--: Changed From: 0.95]
ULTRA_LCD: [#define ULTRA_LCD // --HICTOP--: , #define ULTRA_LCD // --HICTOP--: ]
DEFAULT_EJERK: [#define DEFAULT_EJERK 5.0 // --HICTOP--: Changed From: 5.0, #define DEFAULT_EJERK 5.0 // --HICTOP--: Changed From: 5.0]
TEMP_WINDOW: [#define TEMP_WINDOW 1 // --HICTOP--: Changed From: 1, #define TEMP_WINDOW 1 // --HICTOP--: Changed From: 1]
INVERT_E0_DIR: [#define INVERT_E0_DIR false // --HICTOP--: Changed From: false, #define INVERT_E0_DIR false // --HICTOP--: Changed From: false]
DEFAULT_ZJERK: [#define DEFAULT_ZJERK 0.4 // --HICTOP--: Changed From: 0.4, #define DEFAULT_ZJERK 0.4 // --HICTOP--: Changed From: 0.4]
X_ENABLE_ON: [#define X_ENABLE_ON 0 // --HICTOP--: Changed From: 0, #define X_ENABLE_ON 0 // --HICTOP--: Changed From: 0]
HEATER_1_MINTEMP: [#define HEATER_1_MINTEMP 5 // --HICTOP--: Changed From: 5, #define HEATER_1_MINTEMP 5 // --HICTOP--: Changed From: 5]
Y_HOME_DIR: [#define Y_HOME_DIR -1 // --HICTOP--: Changed From: -1, #define Y_HOME_DIR -1 // --HICTOP--: Changed From: -1]
ENDSTOPPULLUP_ZMAX: [#define ENDSTOPPULLUP_ZMAX // --HICTOP--: , #define ENDSTOPPULLUP_ZMAX // --HICTOP--: ]
TEMP_RESIDENCY_TIME: [#define TEMP_RESIDENCY_TIME 10 // --HICTOP--: Changed From: 10, #define TEMP_RESIDENCY_TIME 10 // --HICTOP--: Changed From: 10]
ENDSTOPPULLUP_XMAX: [#define ENDSTOPPULLUP_XMAX // --HICTOP--: , #define ENDSTOPPULLUP_XMAX // --HICTOP--: ]
ENDSTOPPULLUP_XMIN: [#define ENDSTOPPULLUP_XMIN // --HICTOP--: , #define ENDSTOPPULLUP_XMIN // --HICTOP--: ]
Y_ENABLE_ON: [#define Y_ENABLE_ON 0 // --HICTOP--: Changed From: 0, #define Y_ENABLE_ON 0 // --HICTOP--: Changed From: 0]
BED_MINTEMP: [#define BED_MINTEMP 5 // --HICTOP--: Changed From: 5, #define BED_MINTEMP 5 // --HICTOP--: Changed From: 5]
Z_HOME_DIR: [#define Z_HOME_DIR -1 // --HICTOP--: Changed From: -1, #define Z_HOME_DIR -1 // --HICTOP--: Changed From: -1]
EXTRUDERS: [#define EXTRUDERS 1 // --HICTOP--: Changed From: 1, #define EXTRUDERS 1 // --HICTOP--: Changed From: 1]
PREVENT_DANGEROUS_EXTRUDE: [#define PREVENT_DANGEROUS_EXTRUDE // --HICTOP--: , #define PREVENT_DANGEROUS_EXTRUDE // --HICTOP--: ]
X_MIN_POS: [#define X_MIN_POS 0 // --HICTOP--: Changed From: 0, #define X_MIN_POS 0 // --HICTOP--: Changed From: 0]
DEFAULT_RETRACT_ACCELERATION: [#define DEFAULT_RETRACT_ACCELERATION 3000 // --HICTOP--: Changed From: 3000, #define DEFAULT_RETRACT_ACCELERATION 3000 // --HICTOP--: Changed From: 3000]
DISABLE_E: [#define DISABLE_E false // --HICTOP--: Changed From: false, #define DISABLE_E false // --HICTOP--: Changed From: false]
X_MAX_POS: [#define X_MAX_POS 200 // --HICTOP--: Changed From: 200, #define X_MAX_POS 200 // --HICTOP--: Changed From: 200]
E_ENABLE_ON: [#define E_ENABLE_ON 0 // --HICTOP--: Changed From: 0, #define E_ENABLE_ON 0 // --HICTOP--: Changed From: 0]
HEATER_1_MAXTEMP: [#define HEATER_1_MAXTEMP 275 // --HICTOP--: Changed From: 275, #define HEATER_1_MAXTEMP 275 // --HICTOP--: Changed From: 275]
BED_MAXTEMP: [#define BED_MAXTEMP 150 // --HICTOP--: Changed From: 150, #define BED_MAXTEMP 150 // --HICTOP--: Changed From: 150]
PIDTEMP: [#define PIDTEMP // --HICTOP--: , #define PIDTEMP // --HICTOP--: ]
TEMP_HYSTERESIS: [#define TEMP_HYSTERESIS 3 // --HICTOP--: Changed From: 3, #define TEMP_HYSTERESIS 3 // --HICTOP--: Changed From: 3]
DOGLCD: [#define DOGLCD // --HICTOP--: , #define DOGLCD // --HICTOP--: ]
max_software_endstops: [#define max_software_endstops true // --HICTOP--: Changed From: true, #define max_software_endstops true // --HICTOP--: Changed From: true]
INVERT_E2_DIR: [#define INVERT_E2_DIR false // --HICTOP--: Changed From: false, #define INVERT_E2_DIR false // --HICTOP--: Changed From: false]
ENDSTOPPULLUP_ZMIN: [#define ENDSTOPPULLUP_ZMIN // --HICTOP--: , #define ENDSTOPPULLUP_ZMIN // --HICTOP--: ]
DISABLE_Y: [#define DISABLE_Y false // --HICTOP--: Changed From: false, #define DISABLE_Y false // --HICTOP--: Changed From: false]
DISABLE_Z: [#define DISABLE_Z false // --HICTOP--: Changed From: false, #define DISABLE_Z false // --HICTOP--: Changed From: false]
X_HOME_DIR: [#define X_HOME_DIR -1 // --HICTOP--: Changed From: -1, #define X_HOME_DIR -1 // --HICTOP--: Changed From: -1]
MANUAL_Y_HOME_POS: [#define MANUAL_Y_HOME_POS 0 // --HICTOP--: Changed From: 0, #define MANUAL_Y_HOME_POS 0 // --HICTOP--: Changed From: 0]
SDSUPPORT: [#define SDSUPPORT // --HICTOP--: , #define SDSUPPORT // --HICTOP--: ]
min_software_endstops: [#define min_software_endstops true // --HICTOP--: Changed From: true, #define min_software_endstops true // --HICTOP--: Changed From: true]
HEATER_0_MINTEMP: [#define HEATER_0_MINTEMP 5 // --HICTOP--: Changed From: 5, #define HEATER_0_MINTEMP 5 // --HICTOP--: Changed From: 5]
Y_MIN_POS: [#define Y_MIN_POS 0 // --HICTOP--: Changed From: 0, #define Y_MIN_POS 0 // --HICTOP--: Changed From: 0]
PREVENT_LENGTHY_EXTRUDE: [#define PREVENT_LENGTHY_EXTRUDE // --HICTOP--: , #define PREVENT_LENGTHY_EXTRUDE // --HICTOP--: ]
Z_MIN_POS: [#define Z_MIN_POS 0 // --HICTOP--: Changed From: 0, #define Z_MIN_POS 0 // --HICTOP--: Changed From: 0]
Z_ENABLE_ON: [#define Z_ENABLE_ON 0 // --HICTOP--: Changed From: 0, #define Z_ENABLE_ON 0 // --HICTOP--: Changed From: 0]
ENDSTOPPULLUP_YMIN: [#define ENDSTOPPULLUP_YMIN // --HICTOP--: , #define ENDSTOPPULLUP_YMIN // --HICTOP--: ]
MANUAL_X_HOME_POS: [#define MANUAL_X_HOME_POS 0 // --HICTOP--: Changed From: 0, #define MANUAL_X_HOME_POS 0 // --HICTOP--: Changed From: 0]
EXTRUDE_MINTEMP: [#define EXTRUDE_MINTEMP 170 // --HICTOP--: Changed From: 170, #define EXTRUDE_MINTEMP 170 // --HICTOP--: Changed From: 170]
CONFIGURATION_H: [#define CONFIGURATION_H // --HICTOP--: , #define CONFIGURATION_H // --HICTOP--: ]
TEMP_SENSOR_2: [#define TEMP_SENSOR_2 0 // --HICTOP--: Changed From: 0, #define TEMP_SENSOR_2 0 // --HICTOP--: Changed From: 0]
TEMP_SENSOR_1: [#define TEMP_SENSOR_1 0 // --HICTOP--: Changed From: 0, #define TEMP_SENSOR_1 0 // --HICTOP--: Changed From: 0]
TEMP_SENSOR_0: [#define TEMP_SENSOR_0 1 // --HICTOP--: Changed From: 1, #define TEMP_SENSOR_0 1 // --HICTOP--: Changed From: 1]
DEFAULT_XYJERK: [#define DEFAULT_XYJERK 20.0 // --HICTOP--: Changed From: 20.0, #define DEFAULT_XYJERK 20.0 // --HICTOP--: Changed From: 20.0]
INVERT_E1_DIR: [#define INVERT_E1_DIR false // --HICTOP--: Changed From: false, #define INVERT_E1_DIR false // --HICTOP--: Changed From: false]
REPRAP_DISCOUNT_SMART_CONTROLLER: [#define REPRAP_DISCOUNT_SMART_CONTROLLER // --HICTOP--: , #define REPRAP_DISCOUNT_SMART_CONTROLLER // --HICTOP--: ]
HOMING_FEEDRATE: [#define HOMING_FEEDRATE {50*60, 50*60, 4*60, 0} // --HICTOP--: Changed From: {50*60, 50*60, 4*60, 0}, #define HOMING_FEEDRATE {50*60, 50*60, 4*60, 0} // --HICTOP--: Changed From: {50*60, 50*60, 4*60, 0}]
HEATER_0_MAXTEMP: [#define HEATER_0_MAXTEMP 275 // --HICTOP--: Changed From: 275, #define HEATER_0_MAXTEMP 275 // --HICTOP--: Changed From: 275]
HEATER_2_MAXTEMP: [#define HEATER_2_MAXTEMP 275 // --HICTOP--: Changed From: 275, #define HEATER_2_MAXTEMP 275 // --HICTOP--: Changed From: 275]
POWER_SUPPLY: [#define POWER_SUPPLY 1 // --HICTOP--: Changed From: 1, #define POWER_SUPPLY 1 // --HICTOP--: Changed From: 1]
Count: 65


**********  Different  **********
DEFAULT_bedKi: [#define DEFAULT_bedKi .023 // --HICTOP--: Changed From: .023, #define DEFAULT_bedKi 1.41 // --HICTOP--: Changed From: 1.41]
PID_MAX: [#define PID_MAX 256 // --HICTOP--: Changed From: 256, #define PID_MAX BANG_MAX // --HICTOP--: Changed From: BANG_MAX]
PLA_PREHEAT_FAN_SPEED: [#define PLA_PREHEAT_FAN_SPEED 255 // --HICTOP--: Changed From: 255, #define PLA_PREHEAT_FAN_SPEED 0 // --HICTOP--: Changed From: 0]
DEFAULT_bedKd: [#define DEFAULT_bedKd 305.4 // --HICTOP--: Changed From: 305.4, #define DEFAULT_bedKd 1675.16 // --HICTOP--: Changed From: 1675.16]
Y_MAX_POS: [#define Y_MAX_POS 270 // --HICTOP--: Changed From: 270, #define Y_MAX_POS 200 // --HICTOP--: Changed From: 200]
ABS_PREHEAT_HPB_TEMP: [#define ABS_PREHEAT_HPB_TEMP 80 // --HICTOP--: Changed From: 80, #define ABS_PREHEAT_HPB_TEMP 110 // --HICTOP--: Changed From: 110]
ABS_PREHEAT_FAN_SPEED: [#define ABS_PREHEAT_FAN_SPEED 255 // --HICTOP--: Changed From: 255, #define ABS_PREHEAT_FAN_SPEED 0 // --HICTOP--: Changed From: 0]
TEMP_SENSOR_BED: [#define TEMP_SENSOR_BED 1 // --HICTOP--: Changed From: 1, #define TEMP_SENSOR_BED 0 // --HICTOP--: Changed From: 0]
Z_MAX_POS: [#define Z_MAX_POS 180 // --HICTOP--: Changed From: 180, #define Z_MAX_POS 200 // --HICTOP--: Changed From: 200]
DEFAULT_Kp: [#define DEFAULT_Kp 22.2 // --HICTOP--: Changed From: 22.2, #define DEFAULT_Kp 63.0 // --HICTOP--: Changed From: 63.0]
DEFAULT_Ki: [#define DEFAULT_Ki 1.08 // --HICTOP--: Changed From: 1.08, #define DEFAULT_Ki 2.25 // --HICTOP--: Changed From: 2.25]
DEFAULT_Kd: [#define DEFAULT_Kd 114 // --HICTOP--: Changed From: 114, #define DEFAULT_Kd 440 // --HICTOP--: Changed From: 440]
PLA_PREHEAT_HOTEND_TEMP: [#define PLA_PREHEAT_HOTEND_TEMP 200 // --HICTOP--: Changed From: 200, #define PLA_PREHEAT_HOTEND_TEMP 180 // --HICTOP--: Changed From: 180]
PLA_PREHEAT_HPB_TEMP: [#define PLA_PREHEAT_HPB_TEMP 0 // --HICTOP--: Changed From: 0, #define PLA_PREHEAT_HPB_TEMP 70 // --HICTOP--: Changed From: 70]
BANG_MAX: [#define BANG_MAX 256 // --HICTOP--: Changed From: 256, #define BANG_MAX 255 // --HICTOP--: Changed From: 255]
BAUDRATE: [#define BAUDRATE 115200 // --HICTOP--: Changed From: 115200, #define BAUDRATE 250000 // --HICTOP--: Changed From: 250000]
MANUAL_Z_HOME_POS: [#define MANUAL_Z_HOME_POS 0 // --HICTOP--: Changed From: 0, #define MANUAL_Z_HOME_POS 402 // --HICTOP--: Changed From: 402]
INVERT_Z_DIR: [#define INVERT_Z_DIR true // --HICTOP--: Changed From: true, #define INVERT_Z_DIR false // --HICTOP--: Changed From: false]
STRING_CONFIG_H_AUTHOR: [#define STRING_CONFIG_H_AUTHOR "(Nathan Palella, HICTOP PRUSA i3 Mendel)" // --HICTOP--: Changed From: "(Nathan Palella, HICTOP PRUSA i3 Mendel)", #define STRING_CONFIG_H_AUTHOR "(none, default config)" // --HICTOP--: Changed From: "(none, default config)"]
MAX_BED_POWER: [#define MAX_BED_POWER 256 // --HICTOP--: Changed From: 256, #define MAX_BED_POWER 255 // --HICTOP--: Changed From: 255]
DEFAULT_bedKp: [#define DEFAULT_bedKp 10.00 // --HICTOP--: Changed From: 10.00, #define DEFAULT_bedKp 97.1 // --HICTOP--: Changed From: 97.1]
DEFAULT_AXIS_STEPS_PER_UNIT: [#define DEFAULT_AXIS_STEPS_PER_UNIT {80,80,2560,94.4962144} // --HICTOP--: Changed From: {80,80,2560,94.4962144}, #define DEFAULT_AXIS_STEPS_PER_UNIT {80,80,4000,500} // --HICTOP--: Changed From: {80,80,4000,500}]
DEFAULT_MAX_ACCELERATION: [#define DEFAULT_MAX_ACCELERATION {9000,9000,100,10000} // --HICTOP--: Changed From: {9000,9000,100,10000}, #define DEFAULT_MAX_ACCELERATION {3000,3000,100,10000} // --HICTOP--: Changed From: {3000,3000,100,10000}]
MOTHERBOARD: [#define MOTHERBOARD 33 // --HICTOP--: Changed From: 33, #define MOTHERBOARD BOARD_RAMPS_14_EFB // --HICTOP--: Changed From: BOARD_RAMPS_14_EFB]
INVERT_X_DIR: [#define INVERT_X_DIR true // --HICTOP--: Changed From: true, #define INVERT_X_DIR false // --HICTOP--: Changed From: false]
INVERT_Y_DIR: [#define INVERT_Y_DIR false // --HICTOP--: Changed From: false, #define INVERT_Y_DIR true // --HICTOP--: Changed From: true]
DEFAULT_MAX_FEEDRATE: [#define DEFAULT_MAX_FEEDRATE {500, 500, 10, 25} // --HICTOP--: Changed From: {500, 500, 10, 25}, #define DEFAULT_MAX_FEEDRATE {300, 300, 5, 25} // --HICTOP--: Changed From: {300, 300, 5, 25}]
PID_INTEGRAL_DRIVE_MAX: [#define PID_INTEGRAL_DRIVE_MAX 255 // --HICTOP--: Changed From: 255, #define PID_INTEGRAL_DRIVE_MAX PID_MAX // --HICTOP--: Changed From: PID_MAX]
ABS_PREHEAT_HOTEND_TEMP: [#define ABS_PREHEAT_HOTEND_TEMP 245 // --HICTOP--: Changed From: 245, #define ABS_PREHEAT_HOTEND_TEMP 240 // --HICTOP--: Changed From: 240]
Count: 29


**********  Missing  **********
NUM_AXIS: [#define NUM_AXIS 4 // --HICTOP--: Changed From: 4, None]
PID_dT: [#define PID_dT ((16.0 * 8.0) // --HICTOP--: Changed From: ((16.0 * 8.0), None]
STRING_VERSION_CONFIG_H: [#define STRING_VERSION_CONFIG_H __DATE__ " " __TIME__ // --HICTOP--: Changed From: __DATE__ " " __TIME__, None]
Y_MAX_LENGTH: [#define Y_MAX_LENGTH (Y_MAX_POS - Y_MIN_POS) // --HICTOP--: Changed From: (Y_MAX_POS - Y_MIN_POS), None]
Z_MAX_LENGTH: [#define Z_MAX_LENGTH (Z_MAX_POS - Z_MIN_POS) // --HICTOP--: Changed From: (Z_MAX_POS - Z_MIN_POS), None]
X_MAX_LENGTH: [#define X_MAX_LENGTH (X_MAX_POS - X_MIN_POS) // --HICTOP--: Changed From: (X_MAX_POS - X_MIN_POS), None]
LCD_I2C_TYPE_MCP23017: [#define LCD_I2C_TYPE_MCP23017 // --HICTOP--: , None]
NEWPANEL: [#define NEWPANEL // --HICTOP--: , None]
LCD_HEIGHT: [#define LCD_HEIGHT 2 // --HICTOP--: Changed From: 2, None]
LCD_I2C_TYPE_PCF8575: [#define LCD_I2C_TYPE_PCF8575 // --HICTOP--: , None]
LCD_WIDTH: [#define LCD_WIDTH 16 // --HICTOP--: Changed From: 16, None]
LCD_I2C_ADDRESS: [#define LCD_I2C_ADDRESS 0x20 // --HICTOP--: Changed From: 0x20, None]
LCD_USE_I2C_BUZZER: [#define LCD_USE_I2C_BUZZER // --HICTOP--: , None]
U8GLIB_ST7920: [#define U8GLIB_ST7920 // --HICTOP--: , None]
Count: 14


